# JRE version: OpenJDK Runtime Environment Temurin-21.0.10+7 (21.0.10+7) (build 21.0.10+7-LTS)
# Java VM: OpenJDK 64-Bit Server VM Temurin-21.0.10+7 (21.0.10+7-LTS, mixed mode, sharing, tiered, compressed oops, compressed class ptrs, parallel gc, windows-amd64)
GC Precious Log:
 CardTable entry size: 512
 CPUs: 12 total, 12 available
 Memory: 16021M
 Large Page Support: Disabled
 NUMA Support: Disabled
 Compressed Oops: Enabled (32-bit)
 Alignments: Space 512K, Generation 512K, Heap 2M
 Heap Min Capacity: 100M
 Heap Initial Capacity: 100M
 Heap Max Capacity: 2G
 Pre-touch: Disabled
 Parallel Workers: 10
Heap:
 PSYoungGen      total 7680K, used 6186K [0x00000000d5580000, 0x00000000d6180000, 0x0000000100000000)
  eden space 6656K, 81% used [0x00000000d5580000,0x00000000d5acaa18,0x00000000d5c00000)
  from space 1024K, 75% used [0x00000000d6080000,0x00000000d6140000,0x00000000d6180000)
  to   space 2048K, 0% used [0x00000000d5d80000,0x00000000d5d80000,0x00000000d5f80000)
 ParOldGen       total 1106944K, used 80672K [0x0000000080000000, 0x00000000c3900000, 0x00000000d5580000)
  object space 1106944K, 7% used [0x0000000080000000,0x0000000084ec81a8,0x00000000c3900000)
 Metaspace       used 88279K, committed 90176K, reserved 1179648K
  class space    used 8918K, committed 9792K, reserved 1048576K
GC Heap History (20 events):
Event: 1486.144 GC heap before
{Heap before GC invocations=774 (full 4):
 PSYoungGen      total 7680K, used 7677K [0x00000000d5580000, 0x00000000d6900000, 0x0000000100000000)
  eden space 6656K, 100% used [0x00000000d5580000,0x00000000d5c00000,0x00000000d5c00000)
  from space 1024K, 99% used [0x00000000d5e80000,0x00000000d5f7f700,0x00000000d5f80000)
  to   space 6656K, 0% used [0x00000000d6280000,0x00000000d6280000,0x00000000d6900000)
 ParOldGen       total 1104896K, used 1104442K [0x0000000080000000, 0x00000000c3700000, 0x00000000d5580000)
  object space 1104896K, 99% used [0x0000000080000000,0x00000000c368eb08,0x00000000c3700000)
 Metaspace       used 88229K, committed 90112K, reserved 1179648K
  class space    used 8918K, committed 9792K, reserved 1048576K
}
Event: 1486.146 GC heap after
{Heap after GC invocations=774 (full 4):
 PSYoungGen      total 9216K, used 2461K [0x00000000d5580000, 0x00000000d6500000, 0x0000000100000000)
  eden space 6656K, 0% used [0x00000000d5580000,0x00000000d5580000,0x00000000d5c00000)
  from space 2560K, 96% used [0x00000000d6280000,0x00000000d64e74a8,0x00000000d6500000)
  to   space 4096K, 0% used [0x00000000d5d00000,0x00000000d5d00000,0x00000000d6100000)
 ParOldGen       total 1105920K, used 1105464K [0x0000000080000000, 0x00000000c3800000, 0x00000000d5580000)
  object space 1105920K, 99% used [0x0000000080000000,0x00000000c378e330,0x00000000c3800000)
 Metaspace       used 88229K, committed 90112K, reserved 1179648K
  class space    used 8918K, committed 9792K, reserved 1048576K
}
Event: 1486.169 GC heap before
{Heap before GC invocations=775 (full 4):
 PSYoungGen      total 9216K, used 9117K [0x00000000d5580000, 0x00000000d6500000, 0x0000000100000000)
  eden space 6656K, 100% used [0x00000000d5580000,0x00000000d5c00000,0x00000000d5c00000)
  from space 2560K, 96% used [0x00000000d6280000,0x00000000d64e74a8,0x00000000d6500000)
  to   space 4096K, 0% used [0x00000000d5d00000,0x00000000d5d00000,0x00000000d6100000)
 ParOldGen       total 1105920K, used 1105464K [0x0000000080000000, 0x00000000c3800000, 0x00000000d5580000)
  object space 1105920K, 99% used [0x0000000080000000,0x00000000c378e330,0x00000000c3800000)
 Metaspace       used 88229K, committed 90112K, reserved 1179648K
  class space    used 8918K, committed 9792K, reserved 1048576K
}
Event: 1486.171 GC heap after
{Heap after GC invocations=775 (full 4):
 PSYoungGen      total 10752K, used 938K [0x00000000d5580000, 0x00000000d6300000, 0x0000000100000000)
  eden space 6656K, 0% used [0x00000000d5580000,0x00000000d5580000,0x00000000d5c00000)
  from space 4096K, 22% used [0x00000000d5d00000,0x00000000d5dea910,0x00000000d6100000)
  to   space 2048K, 0% used [0x00000000d6100000,0x00000000d6100000,0x00000000d6300000)
 ParOldGen       total 1106944K, used 1106718K [0x0000000080000000, 0x00000000c3900000, 0x00000000d5580000)
  object space 1106944K, 99% used [0x0000000080000000,0x00000000c38c7b10,0x00000000c3900000)
 Metaspace       used 88229K, committed 90112K, reserved 1179648K
  class space    used 8918K, committed 9792K, reserved 1048576K
}
Event: 1486.179 GC heap before
{Heap before GC invocations=776 (full 4):
 PSYoungGen      total 10752K, used 7594K [0x00000000d5580000, 0x00000000d6300000, 0x0000000100000000)
  eden space 6656K, 100% used [0x00000000d5580000,0x00000000d5c00000,0x00000000d5c00000)
  from space 4096K, 22% used [0x00000000d5d00000,0x00000000d5dea910,0x00000000d6100000)
  to   space 2048K, 0% used [0x00000000d6100000,0x00000000d6100000,0x00000000d6300000)
 ParOldGen       total 1106944K, used 1106718K [0x0000000080000000, 0x00000000c3900000, 0x00000000d5580000)
  object space 1106944K, 99% used [0x0000000080000000,0x00000000c38c7b10,0x00000000c3900000)
 Metaspace       used 88238K, committed 90112K, reserved 1179648K
  class space    used 8918K, committed 9792K, reserved 1048576K
}
Event: 1486.181 GC heap after
{Heap after GC invocations=776 (full 4):
 PSYoungGen      total 7680K, used 650K [0x00000000d5580000, 0x00000000d6200000, 0x0000000100000000)
  eden space 6656K, 0% used [0x00000000d5580000,0x00000000d5580000,0x00000000d5c00000)
  from space 1024K, 63% used [0x00000000d6100000,0x00000000d61a2910,0x00000000d6200000)
  to   space 1024K, 0% used [0x00000000d6000000,0x00000000d6000000,0x00000000d6100000)
 ParOldGen       total 1106944K, used 1106910K [0x0000000080000000, 0x00000000c3900000, 0x00000000d5580000)
  object space 1106944K, 99% used [0x0000000080000000,0x00000000c38f7b10,0x00000000c3900000)
 Metaspace       used 88238K, committed 90112K, reserved 1179648K
  class space    used 8918K, committed 9792K, reserved 1048576K
}
Event: 1486.253 GC heap before
{Heap before GC invocations=777 (full 4):
 PSYoungGen      total 7680K, used 3657K [0x00000000d5580000, 0x00000000d6200000, 0x0000000100000000)
  eden space 6656K, 45% used [0x00000000d5580000,0x00000000d586fbf8,0x00000000d5c00000)
  from space 1024K, 63% used [0x00000000d6100000,0x00000000d61a2910,0x00000000d6200000)
  to   space 1024K, 0% used [0x00000000d6000000,0x00000000d6000000,0x00000000d6100000)
 ParOldGen       total 1106944K, used 1106910K [0x0000000080000000, 0x00000000c3900000, 0x00000000d5580000)
  object space 1106944K, 99% used [0x0000000080000000,0x00000000c38f7b10,0x00000000c3900000)
 Metaspace       used 88240K, committed 90112K, reserved 1179648K
  class space    used 8918K, committed 9792K, reserved 1048576K
}
Event: 1486.255 GC heap after
{Heap after GC invocations=777 (full 4):
 PSYoungGen      total 7680K, used 192K [0x00000000d5580000, 0x00000000d6180000, 0x0000000100000000)
  eden space 6656K, 0% used [0x00000000d5580000,0x00000000d5580000,0x00000000d5c00000)
  from space 1024K, 18% used [0x00000000d6000000,0x00000000d6030000,0x00000000d6100000)
  to   space 512K, 0% used [0x00000000d6100000,0x00000000d6100000,0x00000000d6180000)
 ParOldGen       total 1106944K, used 1106934K [0x0000000080000000, 0x00000000c3900000, 0x00000000d5580000)
  object space 1106944K, 99% used [0x0000000080000000,0x00000000c38fdb10,0x00000000c3900000)
 Metaspace       used 88240K, committed 90112K, reserved 1179648K
  class space    used 8918K, committed 9792K, reserved 1048576K
}
Event: 1486.255 GC heap before
{Heap before GC invocations=778 (full 5):
 PSYoungGen      total 7680K, used 192K [0x00000000d5580000, 0x00000000d6180000, 0x0000000100000000)
  eden space 6656K, 0% used [0x00000000d5580000,0x00000000d5580000,0x00000000d5c00000)
  from space 1024K, 18% used [0x00000000d6000000,0x00000000d6030000,0x00000000d6100000)
  to   space 512K, 0% used [0x00000000d6100000,0x00000000d6100000,0x00000000d6180000)
 ParOldGen       total 1106944K, used 1106934K [0x0000000080000000, 0x00000000c3900000, 0x00000000d5580000)
  object space 1106944K, 99% used [0x0000000080000000,0x00000000c38fdb10,0x00000000c3900000)
 Metaspace       used 88240K, committed 90112K, reserved 1179648K
  class space    used 8918K, committed 9792K, reserved 1048576K
}
Event: 1486.356 GC heap after
{Heap after GC invocations=778 (full 5):
 PSYoungGen      total 7680K, used 0K [0x00000000d5580000, 0x00000000d6180000, 0x0000000100000000)
  eden space 6656K, 0% used [0x00000000d5580000,0x00000000d5580000,0x00000000d5c00000)
  from space 1024K, 0% used [0x00000000d6000000,0x00000000d6000000,0x00000000d6100000)
  to   space 512K, 0% used [0x00000000d6100000,0x00000000d6100000,0x00000000d6180000)
 ParOldGen       total 1106944K, used 76037K [0x0000000080000000, 0x00000000c3900000, 0x00000000d5580000)
  object space 1106944K, 6% used [0x0000000080000000,0x0000000084a417e8,0x00000000c3900000)
 Metaspace       used 88240K, committed 90112K, reserved 1179648K
  class space    used 8918K, committed 9792K, reserved 1048576K
}
Event: 1488.227 GC heap before
{Heap before GC invocations=779 (full 5):
 PSYoungGen      total 7680K, used 6656K [0x00000000d5580000, 0x00000000d6180000, 0x0000000100000000)
  eden space 6656K, 100% used [0x00000000d5580000,0x00000000d5c00000,0x00000000d5c00000)
  from space 1024K, 0% used [0x00000000d6000000,0x00000000d6000000,0x00000000d6100000)
  to   space 512K, 0% used [0x00000000d6100000,0x00000000d6100000,0x00000000d6180000)
 ParOldGen       total 1106944K, used 76037K [0x0000000080000000, 0x00000000c3900000, 0x00000000d5580000)
  object space 1106944K, 6% used [0x0000000080000000,0x0000000084a417e8,0x00000000c3900000)
 Metaspace       used 88246K, committed 90112K, reserved 1179648K
  class space    used 8918K, committed 9792K, reserved 1048576K
}
Event: 1488.228 GC heap after
{Heap after GC invocations=779 (full 5):
 PSYoungGen      total 7168K, used 500K [0x00000000d5580000, 0x00000000d6180000, 0x0000000100000000)
  eden space 6656K, 0% used [0x00000000d5580000,0x00000000d5580000,0x00000000d5c00000)
  from space 512K, 97% used [0x00000000d6100000,0x00000000d617d200,0x00000000d6180000)
  to   space 1024K, 0% used [0x00000000d5f80000,0x00000000d5f80000,0x00000000d6080000)
 ParOldGen       total 1106944K, used 76197K [0x0000000080000000, 0x00000000c3900000, 0x00000000d5580000)
  object space 1106944K, 6% used [0x0000000080000000,0x0000000084a697e8,0x00000000c3900000)
 Metaspace       used 88246K, committed 90112K, reserved 1179648K
  class space    used 8918K, committed 9792K, reserved 1048576K
}
Event: 1488.243 GC heap before
{Heap before GC invocations=780 (full 5):
 PSYoungGen      total 7168K, used 7156K [0x00000000d5580000, 0x00000000d6180000, 0x0000000100000000)
  eden space 6656K, 100% used [0x00000000d5580000,0x00000000d5c00000,0x00000000d5c00000)
  from space 512K, 97% used [0x00000000d6100000,0x00000000d617d200,0x00000000d6180000)
  to   space 1024K, 0% used [0x00000000d5f80000,0x00000000d5f80000,0x00000000d6080000)
 ParOldGen       total 1106944K, used 76197K [0x0000000080000000, 0x00000000c3900000, 0x00000000d5580000)
  object space 1106944K, 6% used [0x0000000080000000,0x0000000084a697e8,0x00000000c3900000)
 Metaspace       used 88246K, committed 90112K, reserved 1179648K
  class space    used 8918K, committed 9792K, reserved 1048576K
}
Event: 1488.244 GC heap after
{Heap after GC invocations=780 (full 5):
 PSYoungGen      total 7680K, used 1021K [0x00000000d5580000, 0x00000000d6180000, 0x0000000100000000)
  eden space 6656K, 0% used [0x00000000d5580000,0x00000000d5580000,0x00000000d5c00000)
  from space 1024K, 99% used [0x00000000d5f80000,0x00000000d607f7c0,0x00000000d6080000)
  to   space 1024K, 0% used [0x00000000d6080000,0x00000000d6080000,0x00000000d6180000)
 ParOldGen       total 1106944K, used 76760K [0x0000000080000000, 0x00000000c3900000, 0x00000000d5580000)
  object space 1106944K, 6% used [0x0000000080000000,0x0000000084af60e8,0x00000000c3900000)
 Metaspace       used 88246K, committed 90112K, reserved 1179648K
  class space    used 8918K, committed 9792K, reserved 1048576K
}
Event: 1488.254 GC heap before
{Heap before GC invocations=781 (full 5):
 PSYoungGen      total 7680K, used 7677K [0x00000000d5580000, 0x00000000d6180000, 0x0000000100000000)
  eden space 6656K, 100% used [0x00000000d5580000,0x00000000d5c00000,0x00000000d5c00000)
  from space 1024K, 99% used [0x00000000d5f80000,0x00000000d607f7c0,0x00000000d6080000)
  to   space 1024K, 0% used [0x00000000d6080000,0x00000000d6080000,0x00000000d6180000)
 ParOldGen       total 1106944K, used 76760K [0x0000000080000000, 0x00000000c3900000, 0x00000000d5580000)
  object space 1106944K, 6% used [0x0000000080000000,0x0000000084af60e8,0x00000000c3900000)
 Metaspace       used 88252K, committed 90176K, reserved 1179648K
  class space    used 8918K, committed 9792K, reserved 1048576K
}
Event: 1488.255 GC heap after
{Heap after GC invocations=781 (full 5):
 PSYoungGen      total 7680K, used 602K [0x00000000d5580000, 0x00000000d6180000, 0x0000000100000000)
  eden space 6656K, 0% used [0x00000000d5580000,0x00000000d5580000,0x00000000d5c00000)
  from space 1024K, 58% used [0x00000000d6080000,0x00000000d6116900,0x00000000d6180000)
  to   space 1024K, 0% used [0x00000000d5f80000,0x00000000d5f80000,0x00000000d6080000)
 ParOldGen       total 1106944K, used 76976K [0x0000000080000000, 0x00000000c3900000, 0x00000000d5580000)
  object space 1106944K, 6% used [0x0000000080000000,0x0000000084b2c0e8,0x00000000c3900000)
 Metaspace       used 88252K, committed 90176K, reserved 1179648K
  class space    used 8918K, committed 9792K, reserved 1048576K
}
Event: 1488.263 GC heap before
{Heap before GC invocations=782 (full 5):
 PSYoungGen      total 7680K, used 7258K [0x00000000d5580000, 0x00000000d6180000, 0x0000000100000000)
  eden space 6656K, 99% used [0x00000000d5580000,0x00000000d5bfffb0,0x00000000d5c00000)
  from space 1024K, 58% used [0x00000000d6080000,0x00000000d6116900,0x00000000d6180000)
  to   space 1024K, 0% used [0x00000000d5f80000,0x00000000d5f80000,0x00000000d6080000)
 ParOldGen       total 1106944K, used 76976K [0x0000000080000000, 0x00000000c3900000, 0x00000000d5580000)
  object space 1106944K, 6% used [0x0000000080000000,0x0000000084b2c0e8,0x00000000c3900000)
 Metaspace       used 88252K, committed 90176K, reserved 1179648K
  class space    used 8918K, committed 9792K, reserved 1048576K
}
Event: 1488.266 GC heap after
{Heap after GC invocations=782 (full 5):
 PSYoungGen      total 7680K, used 1021K [0x00000000d5580000, 0x00000000d6500000, 0x0000000100000000)
  eden space 6656K, 0% used [0x00000000d5580000,0x00000000d5580000,0x00000000d5c00000)
  from space 1024K, 99% used [0x00000000d5f80000,0x00000000d607f7c0,0x00000000d6080000)
  to   space 4608K, 0% used [0x00000000d6080000,0x00000000d6080000,0x00000000d6500000)
 ParOldGen       total 1106944K, used 79634K [0x0000000080000000, 0x00000000c3900000, 0x00000000d5580000)
  object space 1106944K, 7% used [0x0000000080000000,0x0000000084dc49e8,0x00000000c3900000)
 Metaspace       used 88252K, committed 90176K, reserved 1179648K
  class space    used 8918K, committed 9792K, reserved 1048576K
}
Event: 1494.218 GC heap before
{Heap before GC invocations=783 (full 5):
 PSYoungGen      total 7680K, used 7677K [0x00000000d5580000, 0x00000000d6500000, 0x0000000100000000)
  eden space 6656K, 100% used [0x00000000d5580000,0x00000000d5c00000,0x00000000d5c00000)
  from space 1024K, 99% used [0x00000000d5f80000,0x00000000d607f7c0,0x00000000d6080000)
  to   space 4608K, 0% used [0x00000000d6080000,0x00000000d6080000,0x00000000d6500000)
 ParOldGen       total 1106944K, used 79634K [0x0000000080000000, 0x00000000c3900000, 0x00000000d5580000)
  object space 1106944K, 7% used [0x0000000080000000,0x0000000084dc49e8,0x00000000c3900000)
 Metaspace       used 88256K, committed 90176K, reserved 1179648K
  class space    used 8918K, committed 9792K, reserved 1048576K
}
Event: 1494.220 GC heap after
{Heap after GC invocations=783 (full 5):
 PSYoungGen      total 7680K, used 768K [0x00000000d5580000, 0x00000000d6180000, 0x0000000100000000)
  eden space 6656K, 0% used [0x00000000d5580000,0x00000000d5580000,0x00000000d5c00000)
  from space 1024K, 75% used [0x00000000d6080000,0x00000000d6140000,0x00000000d6180000)
  to   space 2048K, 0% used [0x00000000d5d80000,0x00000000d5d80000,0x00000000d5f80000)
 ParOldGen       total 1106944K, used 80672K [0x0000000080000000, 0x00000000c3900000, 0x00000000d5580000)
  object space 1106944K, 7% used [0x0000000080000000,0x0000000084ec81a8,0x00000000c3900000)
 Metaspace       used 88256K, committed 90176K, reserved 1179648K
  class space    used 8918K, committed 9792K, reserved 1048576K
}

